Determining if the pthread_create exist failed with the following output:
Change Dir: /home/arnaud/Documents/Ter_2/Projet_Ter/3DSkeletonization/build/CMakeFiles/CMakeTmp

Run Build Command:"/usr/bin/make" "cmTC_2dbd6/fast"
/usr/bin/make -f CMakeFiles/cmTC_2dbd6.dir/build.make CMakeFiles/cmTC_2dbd6.dir/build
make[1] : on entre dans le répertoire « /home/arnaud/Documents/Ter_2/Projet_Ter/3DSkeletonization/build/CMakeFiles/CMakeTmp »
Building C object CMakeFiles/cmTC_2dbd6.dir/CheckSymbolExists.c.o
/usr/bin/cc    -o CMakeFiles/cmTC_2dbd6.dir/CheckSymbolExists.c.o   -c /home/arnaud/Documents/Ter_2/Projet_Ter/3DSkeletonization/build/CMakeFiles/CMakeTmp/CheckSymbolExists.c
Linking C executable cmTC_2dbd6
/usr/bin/cmake -E cmake_link_script CMakeFiles/cmTC_2dbd6.dir/link.txt --verbose=1
/usr/bin/cc      CMakeFiles/cmTC_2dbd6.dir/CheckSymbolExists.c.o  -o cmTC_2dbd6 
CMakeFiles/cmTC_2dbd6.dir/CheckSymbolExists.c.o : Dans la fonction « main » :
CheckSymbolExists.c:(.text+0x1b) : référence indéfinie vers « pthread_create »
collect2: error: ld returned 1 exit status
CMakeFiles/cmTC_2dbd6.dir/build.make:97: recipe for target 'cmTC_2dbd6' failed
make[1]: *** [cmTC_2dbd6] Error 1
make[1] : on quitte le répertoire « /home/arnaud/Documents/Ter_2/Projet_Ter/3DSkeletonization/build/CMakeFiles/CMakeTmp »
Makefile:126: recipe for target 'cmTC_2dbd6/fast' failed
make: *** [cmTC_2dbd6/fast] Error 2

File /home/arnaud/Documents/Ter_2/Projet_Ter/3DSkeletonization/build/CMakeFiles/CMakeTmp/CheckSymbolExists.c:
/* */
#include <pthread.h>

int main(int argc, char** argv)
{
  (void)argv;
#ifndef pthread_create
  return ((int*)(&pthread_create))[argc];
#else
  (void)argc;
  return 0;
#endif
}

Determining if the function pthread_create exists in the pthreads failed with the following output:
Change Dir: /home/arnaud/Documents/Ter_2/Projet_Ter/3DSkeletonization/build/CMakeFiles/CMakeTmp

Run Build Command:"/usr/bin/make" "cmTC_d35c6/fast"
/usr/bin/make -f CMakeFiles/cmTC_d35c6.dir/build.make CMakeFiles/cmTC_d35c6.dir/build
make[1] : on entre dans le répertoire « /home/arnaud/Documents/Ter_2/Projet_Ter/3DSkeletonization/build/CMakeFiles/CMakeTmp »
Building C object CMakeFiles/cmTC_d35c6.dir/CheckFunctionExists.c.o
/usr/bin/cc   -DCHECK_FUNCTION_EXISTS=pthread_create   -o CMakeFiles/cmTC_d35c6.dir/CheckFunctionExists.c.o   -c /usr/share/cmake-3.10/Modules/CheckFunctionExists.c
Linking C executable cmTC_d35c6
/usr/bin/cmake -E cmake_link_script CMakeFiles/cmTC_d35c6.dir/link.txt --verbose=1
/usr/bin/cc  -DCHECK_FUNCTION_EXISTS=pthread_create    CMakeFiles/cmTC_d35c6.dir/CheckFunctionExists.c.o  -o cmTC_d35c6 -lpthreads 
/usr/bin/ld : ne peut trouver -lpthreads
collect2: error: ld returned 1 exit status
CMakeFiles/cmTC_d35c6.dir/build.make:97: recipe for target 'cmTC_d35c6' failed
make[1]: *** [cmTC_d35c6] Error 1
make[1] : on quitte le répertoire « /home/arnaud/Documents/Ter_2/Projet_Ter/3DSkeletonization/build/CMakeFiles/CMakeTmp »
Makefile:126: recipe for target 'cmTC_d35c6/fast' failed
make: *** [cmTC_d35c6/fast] Error 2


